2025-06-09 13:36:16,874 DEBUG    root            Loaded Command Group: ['gcloud', 'components']
2025-06-09 13:36:16,878 DEBUG    root            Loaded Command Group: ['gcloud', 'components', 'update']
2025-06-09 13:36:16,881 DEBUG    root            Running [gcloud.components.update] with arguments: [--compile-python: "True", --quiet: "True", COMPONENT-IDS:6: "['core', 'gcloud-deps', 'bq', 'gcloud', 'gcloud-crc32c', 'gsutil']"]
2025-06-09 13:36:16,882 INFO     ___FILE_ONLY___ Beginning update. This process may take several minutes.

2025-06-09 13:36:16,925 DEBUG    urllib3.connectionpool Starting new HTTPS connection (1): dl.google.com:443
2025-06-09 13:36:17,151 DEBUG    urllib3.connectionpool https://dl.google.com:443 "GET /dl/cloudsdk/channels/rapid/components-2.json HTTP/11" 200 233994
2025-06-09 13:36:17,167 INFO     ___FILE_ONLY___ 

2025-06-09 13:36:17,167 INFO     ___FILE_ONLY___ 
Your current Google Cloud CLI version is: 525.0.0

2025-06-09 13:36:17,167 INFO     ___FILE_ONLY___ Installing components from version: 525.0.0

2025-06-09 13:36:17,167 INFO     ___FILE_ONLY___ 

2025-06-09 13:36:17,168 DEBUG    root            Chosen display Format:table[box,title="These components will be removed."](details.display_name:label=Name:align=left,version.version_string:label=Version:align=right,data.size.size(zero="",min=1048576):label=Size:align=right)
2025-06-09 13:36:17,168 DEBUG    root            Chosen display Format:table[box,title="These components will be updated."](details.display_name:label=Name:align=left,version.version_string:label=Version:align=right,data.size.size(zero="",min=1048576):label=Size:align=right)
2025-06-09 13:36:17,169 DEBUG    root            Chosen display Format:table[box,title="These components will be installed."](details.display_name:label=Name:align=left,version.version_string:label=Version:align=right,data.size.size(zero="",min=1048576):label=Size:align=right)
2025-06-09 13:36:17,207 INFO     ___FILE_ONLY___ ┌─────────────────────────────────────────────────────────────────────────────┐
2025-06-09 13:36:17,207 INFO     ___FILE_ONLY___ 

2025-06-09 13:36:17,207 INFO     ___FILE_ONLY___ │                     These components will be installed.                     │
2025-06-09 13:36:17,207 INFO     ___FILE_ONLY___ 

2025-06-09 13:36:17,207 INFO     ___FILE_ONLY___ ├─────────────────────────────────────────────────────┬────────────┬──────────┤
2025-06-09 13:36:17,207 INFO     ___FILE_ONLY___ 

2025-06-09 13:36:17,207 INFO     ___FILE_ONLY___ │                         Name                        │  Version   │   Size   │
2025-06-09 13:36:17,207 INFO     ___FILE_ONLY___ 

2025-06-09 13:36:17,207 INFO     ___FILE_ONLY___ ├─────────────────────────────────────────────────────┼────────────┼──────────┤
2025-06-09 13:36:17,207 INFO     ___FILE_ONLY___ 

2025-06-09 13:36:17,208 INFO     ___FILE_ONLY___ │ 
2025-06-09 13:36:17,208 INFO     ___FILE_ONLY___ BigQuery Command Line Tool                         
2025-06-09 13:36:17,208 INFO     ___FILE_ONLY___  
2025-06-09 13:36:17,208 INFO     ___FILE_ONLY___ │ 
2025-06-09 13:36:17,208 INFO     ___FILE_ONLY___     2.1.17
2025-06-09 13:36:17,208 INFO     ___FILE_ONLY___  
2025-06-09 13:36:17,208 INFO     ___FILE_ONLY___ │ 
2025-06-09 13:36:17,208 INFO     ___FILE_ONLY___  1.8 MiB
2025-06-09 13:36:17,208 INFO     ___FILE_ONLY___  
2025-06-09 13:36:17,209 INFO     ___FILE_ONLY___ │
2025-06-09 13:36:17,209 INFO     ___FILE_ONLY___ 

2025-06-09 13:36:17,209 INFO     ___FILE_ONLY___ │ 
2025-06-09 13:36:17,209 INFO     ___FILE_ONLY___ BigQuery Command Line Tool (Platform Specific)     
2025-06-09 13:36:17,209 INFO     ___FILE_ONLY___  
2025-06-09 13:36:17,209 INFO     ___FILE_ONLY___ │ 
2025-06-09 13:36:17,209 INFO     ___FILE_ONLY___     2.1.17
2025-06-09 13:36:17,209 INFO     ___FILE_ONLY___  
2025-06-09 13:36:17,209 INFO     ___FILE_ONLY___ │ 
2025-06-09 13:36:17,209 INFO     ___FILE_ONLY___  < 1 MiB
2025-06-09 13:36:17,209 INFO     ___FILE_ONLY___  
2025-06-09 13:36:17,209 INFO     ___FILE_ONLY___ │
2025-06-09 13:36:17,209 INFO     ___FILE_ONLY___ 

2025-06-09 13:36:17,209 INFO     ___FILE_ONLY___ │ 
2025-06-09 13:36:17,210 INFO     ___FILE_ONLY___ Bundled Python 3.12 (Platform Specific)            
2025-06-09 13:36:17,210 INFO     ___FILE_ONLY___  
2025-06-09 13:36:17,210 INFO     ___FILE_ONLY___ │ 
2025-06-09 13:36:17,210 INFO     ___FILE_ONLY___     3.12.9
2025-06-09 13:36:17,210 INFO     ___FILE_ONLY___  
2025-06-09 13:36:17,210 INFO     ___FILE_ONLY___ │ 
2025-06-09 13:36:17,210 INFO     ___FILE_ONLY___ 89.3 MiB
2025-06-09 13:36:17,210 INFO     ___FILE_ONLY___  
2025-06-09 13:36:17,210 INFO     ___FILE_ONLY___ │
2025-06-09 13:36:17,210 INFO     ___FILE_ONLY___ 

2025-06-09 13:36:17,210 INFO     ___FILE_ONLY___ │ 
2025-06-09 13:36:17,210 INFO     ___FILE_ONLY___ Cloud Storage Command Line Tool                    
2025-06-09 13:36:17,210 INFO     ___FILE_ONLY___  
2025-06-09 13:36:17,210 INFO     ___FILE_ONLY___ │ 
2025-06-09 13:36:17,210 INFO     ___FILE_ONLY___       5.34
2025-06-09 13:36:17,211 INFO     ___FILE_ONLY___  
2025-06-09 13:36:17,211 INFO     ___FILE_ONLY___ │ 
2025-06-09 13:36:17,211 INFO     ___FILE_ONLY___ 11.8 MiB
2025-06-09 13:36:17,211 INFO     ___FILE_ONLY___  
2025-06-09 13:36:17,211 INFO     ___FILE_ONLY___ │
2025-06-09 13:36:17,211 INFO     ___FILE_ONLY___ 

2025-06-09 13:36:17,211 INFO     ___FILE_ONLY___ │ 
2025-06-09 13:36:17,211 INFO     ___FILE_ONLY___ Cloud Storage Command Line Tool (Platform Specific)
2025-06-09 13:36:17,211 INFO     ___FILE_ONLY___  
2025-06-09 13:36:17,211 INFO     ___FILE_ONLY___ │ 
2025-06-09 13:36:17,211 INFO     ___FILE_ONLY___       5.34
2025-06-09 13:36:17,211 INFO     ___FILE_ONLY___  
2025-06-09 13:36:17,211 INFO     ___FILE_ONLY___ │ 
2025-06-09 13:36:17,211 INFO     ___FILE_ONLY___  < 1 MiB
2025-06-09 13:36:17,212 INFO     ___FILE_ONLY___  
2025-06-09 13:36:17,212 INFO     ___FILE_ONLY___ │
2025-06-09 13:36:17,212 INFO     ___FILE_ONLY___ 

2025-06-09 13:36:17,212 INFO     ___FILE_ONLY___ │ 
2025-06-09 13:36:17,212 INFO     ___FILE_ONLY___ Google Cloud CLI Core Libraries (Platform Specific)
2025-06-09 13:36:17,212 INFO     ___FILE_ONLY___  
2025-06-09 13:36:17,212 INFO     ___FILE_ONLY___ │ 
2025-06-09 13:36:17,212 INFO     ___FILE_ONLY___ 2025.05.23
2025-06-09 13:36:17,212 INFO     ___FILE_ONLY___  
2025-06-09 13:36:17,212 INFO     ___FILE_ONLY___ │ 
2025-06-09 13:36:17,212 INFO     ___FILE_ONLY___  < 1 MiB
2025-06-09 13:36:17,212 INFO     ___FILE_ONLY___  
2025-06-09 13:36:17,212 INFO     ___FILE_ONLY___ │
2025-06-09 13:36:17,212 INFO     ___FILE_ONLY___ 

2025-06-09 13:36:17,212 INFO     ___FILE_ONLY___ │ 
2025-06-09 13:36:17,213 INFO     ___FILE_ONLY___ Google Cloud CRC32C Hash Tool (Platform Specific)  
2025-06-09 13:36:17,213 INFO     ___FILE_ONLY___  
2025-06-09 13:36:17,213 INFO     ___FILE_ONLY___ │ 
2025-06-09 13:36:17,213 INFO     ___FILE_ONLY___      1.0.0
2025-06-09 13:36:17,213 INFO     ___FILE_ONLY___  
2025-06-09 13:36:17,213 INFO     ___FILE_ONLY___ │ 
2025-06-09 13:36:17,213 INFO     ___FILE_ONLY___  1.4 MiB
2025-06-09 13:36:17,213 INFO     ___FILE_ONLY___  
2025-06-09 13:36:17,213 INFO     ___FILE_ONLY___ │
2025-06-09 13:36:17,213 INFO     ___FILE_ONLY___ 

2025-06-09 13:36:17,213 INFO     ___FILE_ONLY___ │ 
2025-06-09 13:36:17,213 INFO     ___FILE_ONLY___ gcloud cli dependencies (Platform Specific)        
2025-06-09 13:36:17,213 INFO     ___FILE_ONLY___  
2025-06-09 13:36:17,213 INFO     ___FILE_ONLY___ │ 
2025-06-09 13:36:17,213 INFO     ___FILE_ONLY___ 2021.04.16
2025-06-09 13:36:17,214 INFO     ___FILE_ONLY___  
2025-06-09 13:36:17,214 INFO     ___FILE_ONLY___ │ 
2025-06-09 13:36:17,214 INFO     ___FILE_ONLY___  < 1 MiB
2025-06-09 13:36:17,214 INFO     ___FILE_ONLY___  
2025-06-09 13:36:17,214 INFO     ___FILE_ONLY___ │
2025-06-09 13:36:17,214 INFO     ___FILE_ONLY___ 

2025-06-09 13:36:17,214 INFO     ___FILE_ONLY___ └─────────────────────────────────────────────────────┴────────────┴──────────┘
2025-06-09 13:36:17,214 INFO     ___FILE_ONLY___ 

2025-06-09 13:36:17,215 INFO     ___FILE_ONLY___ 

2025-06-09 13:36:17,218 DEBUG    urllib3.connectionpool Starting new HTTPS connection (1): dl.google.com:443
2025-06-09 13:36:17,441 DEBUG    urllib3.connectionpool https://dl.google.com:443 "GET /dl/cloudsdk/channels/rapid/RELEASE_NOTES HTTP/11" 200 1428195
2025-06-09 13:36:17,954 INFO     ___FILE_ONLY___ For the latest full release notes, please visit:
  https://cloud.google.com/sdk/release_notes


2025-06-09 13:36:17,954 INFO     ___FILE_ONLY___ Performing in place update...


2025-06-09 13:36:17,957 INFO     ___FILE_ONLY___ ╔════════════════════════════════════════════════════════════╗

2025-06-09 13:36:17,957 INFO     ___FILE_ONLY___ ╠═ Downloading: BigQuery Command Line Tool                  ═╣

2025-06-09 13:36:17,957 INFO     ___FILE_ONLY___ ╚
2025-06-09 13:36:17,960 DEBUG    urllib3.connectionpool Starting new HTTPS connection (1): dl.google.com:443
2025-06-09 13:36:18,186 DEBUG    urllib3.connectionpool https://dl.google.com:443 "GET /dl/cloudsdk/channels/rapid/components/google-cloud-sdk-bq-20250516153006.tar.gz HTTP/11" 200 1846801
2025-06-09 13:36:18,198 INFO     ___FILE_ONLY___ ═
2025-06-09 13:36:18,198 INFO     ___FILE_ONLY___ ═
2025-06-09 13:36:18,198 INFO     ___FILE_ONLY___ ═
2025-06-09 13:36:18,198 INFO     ___FILE_ONLY___ ═
2025-06-09 13:36:18,198 INFO     ___FILE_ONLY___ ═
2025-06-09 13:36:18,198 INFO     ___FILE_ONLY___ ═
2025-06-09 13:36:18,198 INFO     ___FILE_ONLY___ ═
2025-06-09 13:36:18,199 INFO     ___FILE_ONLY___ ═
2025-06-09 13:36:18,199 INFO     ___FILE_ONLY___ ═
2025-06-09 13:36:18,199 INFO     ___FILE_ONLY___ ═
2025-06-09 13:36:18,199 INFO     ___FILE_ONLY___ ═
2025-06-09 13:36:18,199 INFO     ___FILE_ONLY___ ═
2025-06-09 13:36:18,199 INFO     ___FILE_ONLY___ ═
2025-06-09 13:36:18,199 INFO     ___FILE_ONLY___ ═
2025-06-09 13:36:18,199 INFO     ___FILE_ONLY___ ═
2025-06-09 13:36:18,199 INFO     ___FILE_ONLY___ ═
2025-06-09 13:36:18,199 INFO     ___FILE_ONLY___ ═
2025-06-09 13:36:18,199 INFO     ___FILE_ONLY___ ═
2025-06-09 13:36:18,200 INFO     ___FILE_ONLY___ ═
2025-06-09 13:36:18,200 INFO     ___FILE_ONLY___ ═
2025-06-09 13:36:18,200 INFO     ___FILE_ONLY___ ═
2025-06-09 13:36:18,200 INFO     ___FILE_ONLY___ ═
2025-06-09 13:36:18,200 INFO     ___FILE_ONLY___ ═
2025-06-09 13:36:18,200 INFO     ___FILE_ONLY___ ═
2025-06-09 13:36:18,200 INFO     ___FILE_ONLY___ ═
2025-06-09 13:36:18,200 INFO     ___FILE_ONLY___ ═
2025-06-09 13:36:18,200 INFO     ___FILE_ONLY___ ═
2025-06-09 13:36:18,200 INFO     ___FILE_ONLY___ ═
2025-06-09 13:36:18,200 INFO     ___FILE_ONLY___ ═
2025-06-09 13:36:18,201 INFO     ___FILE_ONLY___ ═
2025-06-09 13:36:18,201 INFO     ___FILE_ONLY___ ═
2025-06-09 13:36:18,201 INFO     ___FILE_ONLY___ ═
2025-06-09 13:36:18,201 INFO     ___FILE_ONLY___ ═
2025-06-09 13:36:18,201 INFO     ___FILE_ONLY___ ═
2025-06-09 13:36:18,201 INFO     ___FILE_ONLY___ ═
2025-06-09 13:36:18,201 INFO     ___FILE_ONLY___ ═
2025-06-09 13:36:18,201 INFO     ___FILE_ONLY___ ═
2025-06-09 13:36:18,201 INFO     ___FILE_ONLY___ ═
2025-06-09 13:36:18,201 INFO     ___FILE_ONLY___ ═
2025-06-09 13:36:18,201 INFO     ___FILE_ONLY___ ═
2025-06-09 13:36:18,202 INFO     ___FILE_ONLY___ ═
2025-06-09 13:36:18,202 INFO     ___FILE_ONLY___ ═
2025-06-09 13:36:18,202 INFO     ___FILE_ONLY___ ═
2025-06-09 13:36:18,202 INFO     ___FILE_ONLY___ ═
2025-06-09 13:36:18,202 INFO     ___FILE_ONLY___ ═
2025-06-09 13:36:18,202 INFO     ___FILE_ONLY___ ═
2025-06-09 13:36:18,202 INFO     ___FILE_ONLY___ ═
2025-06-09 13:36:18,202 INFO     ___FILE_ONLY___ ═
2025-06-09 13:36:18,202 INFO     ___FILE_ONLY___ ═
2025-06-09 13:36:18,202 INFO     ___FILE_ONLY___ ═
2025-06-09 13:36:18,202 INFO     ___FILE_ONLY___ ═
2025-06-09 13:36:18,203 INFO     ___FILE_ONLY___ ═
2025-06-09 13:36:18,203 INFO     ___FILE_ONLY___ ═
2025-06-09 13:36:18,203 INFO     ___FILE_ONLY___ ═
2025-06-09 13:36:18,203 INFO     ___FILE_ONLY___ ═
2025-06-09 13:36:18,203 INFO     ___FILE_ONLY___ ═
2025-06-09 13:36:18,203 INFO     ___FILE_ONLY___ ═
2025-06-09 13:36:18,203 INFO     ___FILE_ONLY___ ═
2025-06-09 13:36:18,203 INFO     ___FILE_ONLY___ ═
2025-06-09 13:36:18,203 INFO     ___FILE_ONLY___ ═
2025-06-09 13:36:18,203 INFO     ___FILE_ONLY___ ╝

2025-06-09 13:36:18,206 INFO     ___FILE_ONLY___ ╔════════════════════════════════════════════════════════════╗

2025-06-09 13:36:18,206 INFO     ___FILE_ONLY___ ╠═ Downloading: BigQuery Command Line Tool (Platform Spe... ═╣

2025-06-09 13:36:18,206 INFO     ___FILE_ONLY___ ╚
2025-06-09 13:36:18,210 DEBUG    urllib3.connectionpool Starting new HTTPS connection (1): dl.google.com:443
2025-06-09 13:36:18,440 DEBUG    urllib3.connectionpool https://dl.google.com:443 "GET /dl/cloudsdk/channels/rapid/components/google-cloud-sdk-bq-nix-20250523104322.tar.gz HTTP/11" 200 1935
2025-06-09 13:36:18,441 INFO     ___FILE_ONLY___ ════════════════════════════════════════════════════════════
2025-06-09 13:36:18,441 INFO     ___FILE_ONLY___ ╝

2025-06-09 13:36:18,444 INFO     ___FILE_ONLY___ ╔════════════════════════════════════════════════════════════╗

2025-06-09 13:36:18,444 INFO     ___FILE_ONLY___ ╠═ Downloading: Bundled Python 3.12                         ═╣

2025-06-09 13:36:18,444 INFO     ___FILE_ONLY___ ╚
2025-06-09 13:36:18,444 INFO     ___FILE_ONLY___ ════════════════════════════════════════════════════════════
2025-06-09 13:36:18,444 INFO     ___FILE_ONLY___ ╝

2025-06-09 13:36:18,446 INFO     ___FILE_ONLY___ ╔════════════════════════════════════════════════════════════╗

2025-06-09 13:36:18,446 INFO     ___FILE_ONLY___ ╠═ Downloading: Bundled Python 3.12 (Platform Specific)     ═╣

2025-06-09 13:36:18,446 INFO     ___FILE_ONLY___ ╚
2025-06-09 13:36:18,449 DEBUG    urllib3.connectionpool Starting new HTTPS connection (1): dl.google.com:443
2025-06-09 13:36:18,698 DEBUG    urllib3.connectionpool https://dl.google.com:443 "GET /dl/cloudsdk/channels/rapid/components/google-cloud-sdk-bundled-python3-unix-linux-x86_64-20250502143716.tar.gz HTTP/11" 200 93610468
2025-06-09 13:36:19,034 INFO     ___FILE_ONLY___ ═
2025-06-09 13:36:19,036 INFO     ___FILE_ONLY___ ═
2025-06-09 13:36:19,038 INFO     ___FILE_ONLY___ ═
2025-06-09 13:36:19,040 INFO     ___FILE_ONLY___ ═
2025-06-09 13:36:19,042 INFO     ___FILE_ONLY___ ═
2025-06-09 13:36:19,044 INFO     ___FILE_ONLY___ ═
2025-06-09 13:36:19,046 INFO     ___FILE_ONLY___ ═
2025-06-09 13:36:19,048 INFO     ___FILE_ONLY___ ═
2025-06-09 13:36:19,050 INFO     ___FILE_ONLY___ ═
2025-06-09 13:36:19,052 INFO     ___FILE_ONLY___ ═
2025-06-09 13:36:19,054 INFO     ___FILE_ONLY___ ═
2025-06-09 13:36:19,056 INFO     ___FILE_ONLY___ ═
2025-06-09 13:36:19,058 INFO     ___FILE_ONLY___ ═
2025-06-09 13:36:19,060 INFO     ___FILE_ONLY___ ═
2025-06-09 13:36:19,062 INFO     ___FILE_ONLY___ ═
2025-06-09 13:36:19,064 INFO     ___FILE_ONLY___ ═
2025-06-09 13:36:19,066 INFO     ___FILE_ONLY___ ═
2025-06-09 13:36:19,068 INFO     ___FILE_ONLY___ ═
2025-06-09 13:36:19,070 INFO     ___FILE_ONLY___ ═
2025-06-09 13:36:19,072 INFO     ___FILE_ONLY___ ═
2025-06-09 13:36:19,074 INFO     ___FILE_ONLY___ ═
2025-06-09 13:36:19,076 INFO     ___FILE_ONLY___ ═
2025-06-09 13:36:19,078 INFO     ___FILE_ONLY___ ═
2025-06-09 13:36:19,080 INFO     ___FILE_ONLY___ ═
2025-06-09 13:36:19,082 INFO     ___FILE_ONLY___ ═
2025-06-09 13:36:19,084 INFO     ___FILE_ONLY___ ═
2025-06-09 13:36:19,086 INFO     ___FILE_ONLY___ ═
2025-06-09 13:36:19,088 INFO     ___FILE_ONLY___ ═
2025-06-09 13:36:19,090 INFO     ___FILE_ONLY___ ═
2025-06-09 13:36:19,092 INFO     ___FILE_ONLY___ ═
2025-06-09 13:36:19,094 INFO     ___FILE_ONLY___ ═
2025-06-09 13:36:19,096 INFO     ___FILE_ONLY___ ═
2025-06-09 13:36:19,098 INFO     ___FILE_ONLY___ ═
2025-06-09 13:36:19,100 INFO     ___FILE_ONLY___ ═
2025-06-09 13:36:19,102 INFO     ___FILE_ONLY___ ═
2025-06-09 13:36:19,104 INFO     ___FILE_ONLY___ ═
2025-06-09 13:36:19,106 INFO     ___FILE_ONLY___ ═
2025-06-09 13:36:19,108 INFO     ___FILE_ONLY___ ═
2025-06-09 13:36:19,110 INFO     ___FILE_ONLY___ ═
2025-06-09 13:36:19,112 INFO     ___FILE_ONLY___ ═
2025-06-09 13:36:19,114 INFO     ___FILE_ONLY___ ═
2025-06-09 13:36:19,116 INFO     ___FILE_ONLY___ ═
2025-06-09 13:36:19,118 INFO     ___FILE_ONLY___ ═
2025-06-09 13:36:19,120 INFO     ___FILE_ONLY___ ═
2025-06-09 13:36:19,122 INFO     ___FILE_ONLY___ ═
2025-06-09 13:36:19,124 INFO     ___FILE_ONLY___ ═
2025-06-09 13:36:19,126 INFO     ___FILE_ONLY___ ═
2025-06-09 13:36:19,128 INFO     ___FILE_ONLY___ ═
2025-06-09 13:36:19,130 INFO     ___FILE_ONLY___ ═
2025-06-09 13:36:19,132 INFO     ___FILE_ONLY___ ═
2025-06-09 13:36:19,134 INFO     ___FILE_ONLY___ ═
2025-06-09 13:36:19,136 INFO     ___FILE_ONLY___ ═
2025-06-09 13:36:19,138 INFO     ___FILE_ONLY___ ═
2025-06-09 13:36:19,140 INFO     ___FILE_ONLY___ ═
2025-06-09 13:36:19,142 INFO     ___FILE_ONLY___ ═
2025-06-09 13:36:19,144 INFO     ___FILE_ONLY___ ═
2025-06-09 13:36:19,146 INFO     ___FILE_ONLY___ ═
2025-06-09 13:36:19,149 INFO     ___FILE_ONLY___ ═
2025-06-09 13:36:19,151 INFO     ___FILE_ONLY___ ═
2025-06-09 13:36:19,153 INFO     ___FILE_ONLY___ ═
2025-06-09 13:36:19,153 INFO     ___FILE_ONLY___ ╝

2025-06-09 13:36:19,155 INFO     ___FILE_ONLY___ ╔════════════════════════════════════════════════════════════╗

2025-06-09 13:36:19,156 INFO     ___FILE_ONLY___ ╠═ Downloading: Cloud Storage Command Line Tool             ═╣

2025-06-09 13:36:19,156 INFO     ___FILE_ONLY___ ╚
2025-06-09 13:36:19,159 DEBUG    urllib3.connectionpool Starting new HTTPS connection (1): dl.google.com:443
2025-06-09 13:36:19,380 DEBUG    urllib3.connectionpool https://dl.google.com:443 "GET /dl/cloudsdk/channels/rapid/components/google-cloud-sdk-gsutil-20250418150427.tar.gz HTTP/11" 200 12382702
2025-06-09 13:36:19,425 INFO     ___FILE_ONLY___ ═
2025-06-09 13:36:19,426 INFO     ___FILE_ONLY___ ═
2025-06-09 13:36:19,426 INFO     ___FILE_ONLY___ ═
2025-06-09 13:36:19,427 INFO     ___FILE_ONLY___ ═
2025-06-09 13:36:19,427 INFO     ___FILE_ONLY___ ═
2025-06-09 13:36:19,427 INFO     ___FILE_ONLY___ ═
2025-06-09 13:36:19,428 INFO     ___FILE_ONLY___ ═
2025-06-09 13:36:19,428 INFO     ___FILE_ONLY___ ═
2025-06-09 13:36:19,428 INFO     ___FILE_ONLY___ ═
2025-06-09 13:36:19,429 INFO     ___FILE_ONLY___ ═
2025-06-09 13:36:19,429 INFO     ___FILE_ONLY___ ═
2025-06-09 13:36:19,429 INFO     ___FILE_ONLY___ ═
2025-06-09 13:36:19,430 INFO     ___FILE_ONLY___ ═
2025-06-09 13:36:19,430 INFO     ___FILE_ONLY___ ═
2025-06-09 13:36:19,430 INFO     ___FILE_ONLY___ ═
2025-06-09 13:36:19,431 INFO     ___FILE_ONLY___ ═
2025-06-09 13:36:19,431 INFO     ___FILE_ONLY___ ═
2025-06-09 13:36:19,431 INFO     ___FILE_ONLY___ ═
2025-06-09 13:36:19,432 INFO     ___FILE_ONLY___ ═
2025-06-09 13:36:19,432 INFO     ___FILE_ONLY___ ═
2025-06-09 13:36:19,432 INFO     ___FILE_ONLY___ ═
2025-06-09 13:36:19,433 INFO     ___FILE_ONLY___ ═
2025-06-09 13:36:19,433 INFO     ___FILE_ONLY___ ═
2025-06-09 13:36:19,433 INFO     ___FILE_ONLY___ ═
2025-06-09 13:36:19,433 INFO     ___FILE_ONLY___ ═
2025-06-09 13:36:19,434 INFO     ___FILE_ONLY___ ═
2025-06-09 13:36:19,434 INFO     ___FILE_ONLY___ ═
2025-06-09 13:36:19,434 INFO     ___FILE_ONLY___ ═
2025-06-09 13:36:19,435 INFO     ___FILE_ONLY___ ═
2025-06-09 13:36:19,435 INFO     ___FILE_ONLY___ ═
2025-06-09 13:36:19,436 INFO     ___FILE_ONLY___ ═
2025-06-09 13:36:19,436 INFO     ___FILE_ONLY___ ═
2025-06-09 13:36:19,436 INFO     ___FILE_ONLY___ ═
2025-06-09 13:36:19,436 INFO     ___FILE_ONLY___ ═
2025-06-09 13:36:19,437 INFO     ___FILE_ONLY___ ═
2025-06-09 13:36:19,437 INFO     ___FILE_ONLY___ ═
2025-06-09 13:36:19,437 INFO     ___FILE_ONLY___ ═
2025-06-09 13:36:19,438 INFO     ___FILE_ONLY___ ═
2025-06-09 13:36:19,438 INFO     ___FILE_ONLY___ ═
2025-06-09 13:36:19,438 INFO     ___FILE_ONLY___ ═
2025-06-09 13:36:19,439 INFO     ___FILE_ONLY___ ═
2025-06-09 13:36:19,439 INFO     ___FILE_ONLY___ ═
2025-06-09 13:36:19,439 INFO     ___FILE_ONLY___ ═
2025-06-09 13:36:19,440 INFO     ___FILE_ONLY___ ═
2025-06-09 13:36:19,440 INFO     ___FILE_ONLY___ ═
2025-06-09 13:36:19,440 INFO     ___FILE_ONLY___ ═
2025-06-09 13:36:19,441 INFO     ___FILE_ONLY___ ═
2025-06-09 13:36:19,441 INFO     ___FILE_ONLY___ ═
2025-06-09 13:36:19,441 INFO     ___FILE_ONLY___ ═
2025-06-09 13:36:19,442 INFO     ___FILE_ONLY___ ═
2025-06-09 13:36:19,442 INFO     ___FILE_ONLY___ ═
2025-06-09 13:36:19,442 INFO     ___FILE_ONLY___ ═
2025-06-09 13:36:19,443 INFO     ___FILE_ONLY___ ═
2025-06-09 13:36:19,443 INFO     ___FILE_ONLY___ ═
2025-06-09 13:36:19,443 INFO     ___FILE_ONLY___ ═
2025-06-09 13:36:19,444 INFO     ___FILE_ONLY___ ═
2025-06-09 13:36:19,444 INFO     ___FILE_ONLY___ ═
2025-06-09 13:36:19,444 INFO     ___FILE_ONLY___ ═
2025-06-09 13:36:19,445 INFO     ___FILE_ONLY___ ═
2025-06-09 13:36:19,445 INFO     ___FILE_ONLY___ ═
2025-06-09 13:36:19,445 INFO     ___FILE_ONLY___ ╝

2025-06-09 13:36:19,447 INFO     ___FILE_ONLY___ ╔════════════════════════════════════════════════════════════╗

2025-06-09 13:36:19,448 INFO     ___FILE_ONLY___ ╠═ Downloading: Cloud Storage Command Line Tool (Platfor... ═╣

2025-06-09 13:36:19,448 INFO     ___FILE_ONLY___ ╚
2025-06-09 13:36:19,451 DEBUG    urllib3.connectionpool Starting new HTTPS connection (1): dl.google.com:443
2025-06-09 13:36:19,676 DEBUG    urllib3.connectionpool https://dl.google.com:443 "GET /dl/cloudsdk/channels/rapid/components/google-cloud-sdk-gsutil-nix-20250523104322.tar.gz HTTP/11" 200 1950
2025-06-09 13:36:19,677 INFO     ___FILE_ONLY___ ════════════════════════════════════════════════════════════
2025-06-09 13:36:19,677 INFO     ___FILE_ONLY___ ╝

2025-06-09 13:36:19,680 INFO     ___FILE_ONLY___ ╔════════════════════════════════════════════════════════════╗

2025-06-09 13:36:19,680 INFO     ___FILE_ONLY___ ╠═ Downloading: Default set of gcloud commands              ═╣

2025-06-09 13:36:19,680 INFO     ___FILE_ONLY___ ╚
2025-06-09 13:36:19,680 INFO     ___FILE_ONLY___ ════════════════════════════════════════════════════════════
2025-06-09 13:36:19,680 INFO     ___FILE_ONLY___ ╝

2025-06-09 13:36:19,682 INFO     ___FILE_ONLY___ ╔════════════════════════════════════════════════════════════╗

2025-06-09 13:36:19,682 INFO     ___FILE_ONLY___ ╠═ Downloading: Google Cloud CLI Core Libraries (Platfor... ═╣

2025-06-09 13:36:19,682 INFO     ___FILE_ONLY___ ╚
2025-06-09 13:36:19,685 DEBUG    urllib3.connectionpool Starting new HTTPS connection (1): dl.google.com:443
2025-06-09 13:36:19,916 DEBUG    urllib3.connectionpool https://dl.google.com:443 "GET /dl/cloudsdk/channels/rapid/components/google-cloud-sdk-core-nix-20250523104322.tar.gz HTTP/11" 200 2325
2025-06-09 13:36:19,917 INFO     ___FILE_ONLY___ ════════════════════════════════════════════════════════════
2025-06-09 13:36:19,917 INFO     ___FILE_ONLY___ ╝

2025-06-09 13:36:19,919 INFO     ___FILE_ONLY___ ╔════════════════════════════════════════════════════════════╗

2025-06-09 13:36:19,919 INFO     ___FILE_ONLY___ ╠═ Downloading: Google Cloud CRC32C Hash Tool               ═╣

2025-06-09 13:36:19,919 INFO     ___FILE_ONLY___ ╚
2025-06-09 13:36:19,919 INFO     ___FILE_ONLY___ ════════════════════════════════════════════════════════════
2025-06-09 13:36:19,919 INFO     ___FILE_ONLY___ ╝

2025-06-09 13:36:19,921 INFO     ___FILE_ONLY___ ╔════════════════════════════════════════════════════════════╗

2025-06-09 13:36:19,922 INFO     ___FILE_ONLY___ ╠═ Downloading: Google Cloud CRC32C Hash Tool (Platform ... ═╣

2025-06-09 13:36:19,922 INFO     ___FILE_ONLY___ ╚
2025-06-09 13:36:19,925 DEBUG    urllib3.connectionpool Starting new HTTPS connection (1): dl.google.com:443
2025-06-09 13:36:20,151 DEBUG    urllib3.connectionpool https://dl.google.com:443 "GET /dl/cloudsdk/channels/rapid/components/google-cloud-sdk-gcloud-crc32c-linux-x86_64-20250110133808.tar.gz HTTP/11" 200 1478989
2025-06-09 13:36:20,162 INFO     ___FILE_ONLY___ ═
2025-06-09 13:36:20,162 INFO     ___FILE_ONLY___ ═
2025-06-09 13:36:20,162 INFO     ___FILE_ONLY___ ═
2025-06-09 13:36:20,162 INFO     ___FILE_ONLY___ ═
2025-06-09 13:36:20,162 INFO     ___FILE_ONLY___ ═
2025-06-09 13:36:20,162 INFO     ___FILE_ONLY___ ═
2025-06-09 13:36:20,162 INFO     ___FILE_ONLY___ ═
2025-06-09 13:36:20,163 INFO     ___FILE_ONLY___ ═
2025-06-09 13:36:20,163 INFO     ___FILE_ONLY___ ═
2025-06-09 13:36:20,163 INFO     ___FILE_ONLY___ ═
2025-06-09 13:36:20,163 INFO     ___FILE_ONLY___ ═
2025-06-09 13:36:20,163 INFO     ___FILE_ONLY___ ═
2025-06-09 13:36:20,163 INFO     ___FILE_ONLY___ ═
2025-06-09 13:36:20,163 INFO     ___FILE_ONLY___ ═
2025-06-09 13:36:20,163 INFO     ___FILE_ONLY___ ═
2025-06-09 13:36:20,163 INFO     ___FILE_ONLY___ ═
2025-06-09 13:36:20,163 INFO     ___FILE_ONLY___ ═
2025-06-09 13:36:20,163 INFO     ___FILE_ONLY___ ═
2025-06-09 13:36:20,163 INFO     ___FILE_ONLY___ ═
2025-06-09 13:36:20,164 INFO     ___FILE_ONLY___ ═
2025-06-09 13:36:20,164 INFO     ___FILE_ONLY___ ═
2025-06-09 13:36:20,164 INFO     ___FILE_ONLY___ ═
2025-06-09 13:36:20,164 INFO     ___FILE_ONLY___ ═
2025-06-09 13:36:20,164 INFO     ___FILE_ONLY___ ═
2025-06-09 13:36:20,164 INFO     ___FILE_ONLY___ ═
2025-06-09 13:36:20,164 INFO     ___FILE_ONLY___ ═
2025-06-09 13:36:20,164 INFO     ___FILE_ONLY___ ═
2025-06-09 13:36:20,164 INFO     ___FILE_ONLY___ ═
2025-06-09 13:36:20,164 INFO     ___FILE_ONLY___ ═
2025-06-09 13:36:20,164 INFO     ___FILE_ONLY___ ═
2025-06-09 13:36:20,164 INFO     ___FILE_ONLY___ ═
2025-06-09 13:36:20,165 INFO     ___FILE_ONLY___ ═
2025-06-09 13:36:20,165 INFO     ___FILE_ONLY___ ═
2025-06-09 13:36:20,165 INFO     ___FILE_ONLY___ ═
2025-06-09 13:36:20,165 INFO     ___FILE_ONLY___ ═
2025-06-09 13:36:20,165 INFO     ___FILE_ONLY___ ═
2025-06-09 13:36:20,165 INFO     ___FILE_ONLY___ ═
2025-06-09 13:36:20,165 INFO     ___FILE_ONLY___ ═
2025-06-09 13:36:20,165 INFO     ___FILE_ONLY___ ═
2025-06-09 13:36:20,165 INFO     ___FILE_ONLY___ ═
2025-06-09 13:36:20,165 INFO     ___FILE_ONLY___ ═
2025-06-09 13:36:20,165 INFO     ___FILE_ONLY___ ═
2025-06-09 13:36:20,165 INFO     ___FILE_ONLY___ ═
2025-06-09 13:36:20,166 INFO     ___FILE_ONLY___ ═
2025-06-09 13:36:20,166 INFO     ___FILE_ONLY___ ═
2025-06-09 13:36:20,166 INFO     ___FILE_ONLY___ ═
2025-06-09 13:36:20,166 INFO     ___FILE_ONLY___ ═
2025-06-09 13:36:20,166 INFO     ___FILE_ONLY___ ═
2025-06-09 13:36:20,166 INFO     ___FILE_ONLY___ ═
2025-06-09 13:36:20,166 INFO     ___FILE_ONLY___ ═
2025-06-09 13:36:20,166 INFO     ___FILE_ONLY___ ═
2025-06-09 13:36:20,166 INFO     ___FILE_ONLY___ ═
2025-06-09 13:36:20,166 INFO     ___FILE_ONLY___ ═
2025-06-09 13:36:20,166 INFO     ___FILE_ONLY___ ═
2025-06-09 13:36:20,166 INFO     ___FILE_ONLY___ ═
2025-06-09 13:36:20,166 INFO     ___FILE_ONLY___ ═
2025-06-09 13:36:20,167 INFO     ___FILE_ONLY___ ═
2025-06-09 13:36:20,167 INFO     ___FILE_ONLY___ ═
2025-06-09 13:36:20,167 INFO     ___FILE_ONLY___ ═
2025-06-09 13:36:20,167 INFO     ___FILE_ONLY___ ═
2025-06-09 13:36:20,167 INFO     ___FILE_ONLY___ ╝

2025-06-09 13:36:20,169 INFO     ___FILE_ONLY___ ╔════════════════════════════════════════════════════════════╗

2025-06-09 13:36:20,169 INFO     ___FILE_ONLY___ ╠═ Downloading: gcloud cli dependencies (Platform Specific) ═╣

2025-06-09 13:36:20,169 INFO     ___FILE_ONLY___ ╚
2025-06-09 13:36:20,172 DEBUG    urllib3.connectionpool Starting new HTTPS connection (1): dl.google.com:443
2025-06-09 13:36:20,394 DEBUG    urllib3.connectionpool https://dl.google.com:443 "GET /dl/cloudsdk/channels/rapid/components/google-cloud-sdk-gcloud-deps-linux-x86_64-20210416153011.tar.gz HTTP/11" 200 104
2025-06-09 13:36:20,395 INFO     ___FILE_ONLY___ ════════════════════════════════════════════════════════════
2025-06-09 13:36:20,395 INFO     ___FILE_ONLY___ ╝

2025-06-09 13:36:20,397 INFO     ___FILE_ONLY___ ╔════════════════════════════════════════════════════════════╗

2025-06-09 13:36:20,397 INFO     ___FILE_ONLY___ ╠═ Installing: BigQuery Command Line Tool                   ═╣

2025-06-09 13:36:20,397 INFO     ___FILE_ONLY___ ╚
2025-06-09 13:36:20,490 INFO     ___FILE_ONLY___ ═
2025-06-09 13:36:20,493 INFO     ___FILE_ONLY___ ═
2025-06-09 13:36:20,496 INFO     ___FILE_ONLY___ ═
2025-06-09 13:36:20,498 INFO     ___FILE_ONLY___ ═
2025-06-09 13:36:20,500 INFO     ___FILE_ONLY___ ═
2025-06-09 13:36:20,503 INFO     ___FILE_ONLY___ ═
2025-06-09 13:36:20,505 INFO     ___FILE_ONLY___ ═
2025-06-09 13:36:20,507 INFO     ___FILE_ONLY___ ═
2025-06-09 13:36:20,510 INFO     ___FILE_ONLY___ ═
2025-06-09 13:36:20,512 INFO     ___FILE_ONLY___ ═
2025-06-09 13:36:20,514 INFO     ___FILE_ONLY___ ═
2025-06-09 13:36:20,516 INFO     ___FILE_ONLY___ ═
2025-06-09 13:36:20,518 INFO     ___FILE_ONLY___ ═
2025-06-09 13:36:20,521 INFO     ___FILE_ONLY___ ═
2025-06-09 13:36:20,523 INFO     ___FILE_ONLY___ ═
2025-06-09 13:36:20,525 INFO     ___FILE_ONLY___ ═
2025-06-09 13:36:20,528 INFO     ___FILE_ONLY___ ═
2025-06-09 13:36:20,529 INFO     ___FILE_ONLY___ ═
2025-06-09 13:36:20,531 INFO     ___FILE_ONLY___ ═
2025-06-09 13:36:20,535 INFO     ___FILE_ONLY___ ═
2025-06-09 13:36:20,538 INFO     ___FILE_ONLY___ ═
2025-06-09 13:36:20,540 INFO     ___FILE_ONLY___ ═
2025-06-09 13:36:20,543 INFO     ___FILE_ONLY___ ═
2025-06-09 13:36:20,545 INFO     ___FILE_ONLY___ ═
2025-06-09 13:36:20,546 INFO     ___FILE_ONLY___ ═
2025-06-09 13:36:20,549 INFO     ___FILE_ONLY___ ═
2025-06-09 13:36:20,551 INFO     ___FILE_ONLY___ ═
2025-06-09 13:36:20,553 INFO     ___FILE_ONLY___ ═
2025-06-09 13:36:20,555 INFO     ___FILE_ONLY___ ═
2025-06-09 13:36:20,559 INFO     ___FILE_ONLY___ ═
2025-06-09 13:36:20,561 INFO     ___FILE_ONLY___ ═
2025-06-09 13:36:20,563 INFO     ___FILE_ONLY___ ═
2025-06-09 13:36:20,565 INFO     ___FILE_ONLY___ ═
2025-06-09 13:36:20,569 INFO     ___FILE_ONLY___ ═
2025-06-09 13:36:20,571 INFO     ___FILE_ONLY___ ═
2025-06-09 13:36:20,578 INFO     ___FILE_ONLY___ ═
2025-06-09 13:36:20,584 INFO     ___FILE_ONLY___ ═
2025-06-09 13:36:20,589 INFO     ___FILE_ONLY___ ═
2025-06-09 13:36:20,591 INFO     ___FILE_ONLY___ ═
2025-06-09 13:36:20,594 INFO     ___FILE_ONLY___ ═
2025-06-09 13:36:20,596 INFO     ___FILE_ONLY___ ═
2025-06-09 13:36:20,598 INFO     ___FILE_ONLY___ ═
2025-06-09 13:36:20,601 INFO     ___FILE_ONLY___ ═
2025-06-09 13:36:20,605 INFO     ___FILE_ONLY___ ═
2025-06-09 13:36:20,607 INFO     ___FILE_ONLY___ ═
2025-06-09 13:36:20,610 INFO     ___FILE_ONLY___ ═
2025-06-09 13:36:20,612 INFO     ___FILE_ONLY___ ═
2025-06-09 13:36:20,614 INFO     ___FILE_ONLY___ ═
2025-06-09 13:36:20,616 INFO     ___FILE_ONLY___ ═
2025-06-09 13:36:20,618 INFO     ___FILE_ONLY___ ═
2025-06-09 13:36:20,621 INFO     ___FILE_ONLY___ ═
2025-06-09 13:36:20,623 INFO     ___FILE_ONLY___ ═
2025-06-09 13:36:20,625 INFO     ___FILE_ONLY___ ═
2025-06-09 13:36:20,628 INFO     ___FILE_ONLY___ ═
2025-06-09 13:36:20,630 INFO     ___FILE_ONLY___ ═
2025-06-09 13:36:20,632 INFO     ___FILE_ONLY___ ═
2025-06-09 13:36:20,634 INFO     ___FILE_ONLY___ ═
2025-06-09 13:36:20,636 INFO     ___FILE_ONLY___ ═
2025-06-09 13:36:20,638 INFO     ___FILE_ONLY___ ═
2025-06-09 13:36:20,640 INFO     ___FILE_ONLY___ ═
2025-06-09 13:36:20,641 INFO     ___FILE_ONLY___ ╝

2025-06-09 13:36:20,649 INFO     ___FILE_ONLY___ ╔════════════════════════════════════════════════════════════╗

2025-06-09 13:36:20,649 INFO     ___FILE_ONLY___ ╠═ Installing: BigQuery Command Line Tool (Platform Spec... ═╣

2025-06-09 13:36:20,649 INFO     ___FILE_ONLY___ ╚
2025-06-09 13:36:20,650 INFO     ___FILE_ONLY___ ════════════════════════════════════════════════════════════
2025-06-09 13:36:20,650 INFO     ___FILE_ONLY___ ╝

2025-06-09 13:36:20,656 INFO     ___FILE_ONLY___ ╔════════════════════════════════════════════════════════════╗

2025-06-09 13:36:20,656 INFO     ___FILE_ONLY___ ╠═ Installing: Bundled Python 3.12                          ═╣

2025-06-09 13:36:20,657 INFO     ___FILE_ONLY___ ╚
2025-06-09 13:36:20,659 INFO     ___FILE_ONLY___ ════════════════════════════════════════════════════════════
2025-06-09 13:36:20,659 INFO     ___FILE_ONLY___ ╝

2025-06-09 13:36:20,661 INFO     ___FILE_ONLY___ ╔════════════════════════════════════════════════════════════╗

2025-06-09 13:36:20,661 INFO     ___FILE_ONLY___ ╠═ Installing: Bundled Python 3.12 (Platform Specific)      ═╣

2025-06-09 13:36:20,661 INFO     ___FILE_ONLY___ ╚
2025-06-09 13:36:22,896 INFO     ___FILE_ONLY___ ═
2025-06-09 13:36:22,909 INFO     ___FILE_ONLY___ ═
2025-06-09 13:36:22,922 INFO     ___FILE_ONLY___ ═
2025-06-09 13:36:22,935 INFO     ___FILE_ONLY___ ═
2025-06-09 13:36:22,948 INFO     ___FILE_ONLY___ ═
2025-06-09 13:36:22,962 INFO     ___FILE_ONLY___ ═
2025-06-09 13:36:22,975 INFO     ___FILE_ONLY___ ═
2025-06-09 13:36:22,988 INFO     ___FILE_ONLY___ ═
2025-06-09 13:36:23,001 INFO     ___FILE_ONLY___ ═
2025-06-09 13:36:23,014 INFO     ___FILE_ONLY___ ═
2025-06-09 13:36:23,028 INFO     ___FILE_ONLY___ ═
2025-06-09 13:36:23,041 INFO     ___FILE_ONLY___ ═
2025-06-09 13:36:23,054 INFO     ___FILE_ONLY___ ═
2025-06-09 13:36:23,068 INFO     ___FILE_ONLY___ ═
2025-06-09 13:36:23,081 INFO     ___FILE_ONLY___ ═
2025-06-09 13:36:23,095 INFO     ___FILE_ONLY___ ═
2025-06-09 13:36:23,108 INFO     ___FILE_ONLY___ ═
2025-06-09 13:36:23,121 INFO     ___FILE_ONLY___ ═
2025-06-09 13:36:23,134 INFO     ___FILE_ONLY___ ═
2025-06-09 13:36:23,147 INFO     ___FILE_ONLY___ ═
2025-06-09 13:36:23,161 INFO     ___FILE_ONLY___ ═
2025-06-09 13:36:23,174 INFO     ___FILE_ONLY___ ═
2025-06-09 13:36:23,187 INFO     ___FILE_ONLY___ ═
2025-06-09 13:36:23,200 INFO     ___FILE_ONLY___ ═
2025-06-09 13:36:23,214 INFO     ___FILE_ONLY___ ═
2025-06-09 13:36:23,226 INFO     ___FILE_ONLY___ ═
2025-06-09 13:36:23,239 INFO     ___FILE_ONLY___ ═
2025-06-09 13:36:23,252 INFO     ___FILE_ONLY___ ═
2025-06-09 13:36:23,265 INFO     ___FILE_ONLY___ ═
2025-06-09 13:36:23,279 INFO     ___FILE_ONLY___ ═
2025-06-09 13:36:23,292 INFO     ___FILE_ONLY___ ═
2025-06-09 13:36:23,306 INFO     ___FILE_ONLY___ ═
2025-06-09 13:36:23,319 INFO     ___FILE_ONLY___ ═
2025-06-09 13:36:23,334 INFO     ___FILE_ONLY___ ═
2025-06-09 13:36:23,351 INFO     ___FILE_ONLY___ ═
2025-06-09 13:36:23,367 INFO     ___FILE_ONLY___ ═
2025-06-09 13:36:24,255 INFO     ___FILE_ONLY___ ═
2025-06-09 13:36:24,280 INFO     ___FILE_ONLY___ ═
2025-06-09 13:36:24,791 INFO     ___FILE_ONLY___ ═
2025-06-09 13:36:24,810 INFO     ___FILE_ONLY___ ═
2025-06-09 13:36:24,832 INFO     ___FILE_ONLY___ ═
2025-06-09 13:36:24,857 INFO     ___FILE_ONLY___ ═
2025-06-09 13:36:24,876 INFO     ___FILE_ONLY___ ═
2025-06-09 13:36:24,905 INFO     ___FILE_ONLY___ ═
2025-06-09 13:36:24,926 INFO     ___FILE_ONLY___ ═
2025-06-09 13:36:24,946 INFO     ___FILE_ONLY___ ═
2025-06-09 13:36:24,963 INFO     ___FILE_ONLY___ ═
2025-06-09 13:36:24,986 INFO     ___FILE_ONLY___ ═
2025-06-09 13:36:25,093 INFO     ___FILE_ONLY___ ═
2025-06-09 13:36:25,112 INFO     ___FILE_ONLY___ ═
2025-06-09 13:36:25,254 INFO     ___FILE_ONLY___ ═
2025-06-09 13:36:25,271 INFO     ___FILE_ONLY___ ═
2025-06-09 13:36:25,288 INFO     ___FILE_ONLY___ ═
2025-06-09 13:36:25,306 INFO     ___FILE_ONLY___ ═
2025-06-09 13:36:25,321 INFO     ___FILE_ONLY___ ═
2025-06-09 13:36:25,341 INFO     ___FILE_ONLY___ ═
2025-06-09 13:36:25,358 INFO     ___FILE_ONLY___ ═
2025-06-09 13:36:25,376 INFO     ___FILE_ONLY___ ═
2025-06-09 13:36:25,405 INFO     ___FILE_ONLY___ ═
2025-06-09 13:36:25,904 INFO     ___FILE_ONLY___ ═
2025-06-09 13:36:25,904 INFO     ___FILE_ONLY___ ╝

2025-06-09 13:36:25,960 INFO     ___FILE_ONLY___ ╔════════════════════════════════════════════════════════════╗

2025-06-09 13:36:25,960 INFO     ___FILE_ONLY___ ╠═ Installing: Cloud Storage Command Line Tool              ═╣

2025-06-09 13:36:25,960 INFO     ___FILE_ONLY___ ╚
2025-06-09 13:36:26,477 INFO     ___FILE_ONLY___ ═
2025-06-09 13:36:26,489 INFO     ___FILE_ONLY___ ═
2025-06-09 13:36:26,500 INFO     ___FILE_ONLY___ ═
2025-06-09 13:36:26,510 INFO     ___FILE_ONLY___ ═
2025-06-09 13:36:26,520 INFO     ___FILE_ONLY___ ═
2025-06-09 13:36:26,557 INFO     ___FILE_ONLY___ ═
2025-06-09 13:36:26,570 INFO     ___FILE_ONLY___ ═
2025-06-09 13:36:26,585 INFO     ___FILE_ONLY___ ═
2025-06-09 13:36:26,597 INFO     ___FILE_ONLY___ ═
2025-06-09 13:36:26,615 INFO     ___FILE_ONLY___ ═
2025-06-09 13:36:26,628 INFO     ___FILE_ONLY___ ═
2025-06-09 13:36:26,639 INFO     ___FILE_ONLY___ ═
2025-06-09 13:36:26,651 INFO     ___FILE_ONLY___ ═
2025-06-09 13:36:26,660 INFO     ___FILE_ONLY___ ═
2025-06-09 13:36:26,672 INFO     ___FILE_ONLY___ ═
2025-06-09 13:36:26,687 INFO     ___FILE_ONLY___ ═
2025-06-09 13:36:26,701 INFO     ___FILE_ONLY___ ═
2025-06-09 13:36:26,711 INFO     ___FILE_ONLY___ ═
2025-06-09 13:36:26,725 INFO     ___FILE_ONLY___ ═
2025-06-09 13:36:26,735 INFO     ___FILE_ONLY___ ═
2025-06-09 13:36:26,747 INFO     ___FILE_ONLY___ ═
2025-06-09 13:36:26,759 INFO     ___FILE_ONLY___ ═
2025-06-09 13:36:26,770 INFO     ___FILE_ONLY___ ═
2025-06-09 13:36:26,780 INFO     ___FILE_ONLY___ ═
2025-06-09 13:36:26,791 INFO     ___FILE_ONLY___ ═
2025-06-09 13:36:26,802 INFO     ___FILE_ONLY___ ═
2025-06-09 13:36:26,815 INFO     ___FILE_ONLY___ ═
2025-06-09 13:36:26,833 INFO     ___FILE_ONLY___ ═
2025-06-09 13:36:26,845 INFO     ___FILE_ONLY___ ═
2025-06-09 13:36:26,856 INFO     ___FILE_ONLY___ ═
2025-06-09 13:36:26,876 INFO     ___FILE_ONLY___ ═
2025-06-09 13:36:26,893 INFO     ___FILE_ONLY___ ═
2025-06-09 13:36:26,911 INFO     ___FILE_ONLY___ ═
2025-06-09 13:36:26,930 INFO     ___FILE_ONLY___ ═
2025-06-09 13:36:26,945 INFO     ___FILE_ONLY___ ═
2025-06-09 13:36:26,958 INFO     ___FILE_ONLY___ ═
2025-06-09 13:36:26,968 INFO     ___FILE_ONLY___ ═
2025-06-09 13:36:26,983 INFO     ___FILE_ONLY___ ═
2025-06-09 13:36:26,998 INFO     ___FILE_ONLY___ ═
2025-06-09 13:36:27,011 INFO     ___FILE_ONLY___ ═
2025-06-09 13:36:27,022 INFO     ___FILE_ONLY___ ═
2025-06-09 13:36:27,033 INFO     ___FILE_ONLY___ ═
2025-06-09 13:36:27,044 INFO     ___FILE_ONLY___ ═
2025-06-09 13:36:27,055 INFO     ___FILE_ONLY___ ═
2025-06-09 13:36:27,066 INFO     ___FILE_ONLY___ ═
2025-06-09 13:36:27,076 INFO     ___FILE_ONLY___ ═
2025-06-09 13:36:27,086 INFO     ___FILE_ONLY___ ═
2025-06-09 13:36:27,096 INFO     ___FILE_ONLY___ ═
2025-06-09 13:36:27,108 INFO     ___FILE_ONLY___ ═
2025-06-09 13:36:27,121 INFO     ___FILE_ONLY___ ═
2025-06-09 13:36:27,135 INFO     ___FILE_ONLY___ ═
2025-06-09 13:36:27,150 INFO     ___FILE_ONLY___ ═
2025-06-09 13:36:27,163 INFO     ___FILE_ONLY___ ═
2025-06-09 13:36:27,177 INFO     ___FILE_ONLY___ ═
2025-06-09 13:36:27,191 INFO     ___FILE_ONLY___ ═
2025-06-09 13:36:27,206 INFO     ___FILE_ONLY___ ═
2025-06-09 13:36:27,224 INFO     ___FILE_ONLY___ ═
2025-06-09 13:36:27,245 INFO     ___FILE_ONLY___ ═
2025-06-09 13:36:27,263 INFO     ___FILE_ONLY___ ═
2025-06-09 13:36:27,281 INFO     ___FILE_ONLY___ ═
2025-06-09 13:36:27,281 INFO     ___FILE_ONLY___ ╝

2025-06-09 13:36:27,313 INFO     ___FILE_ONLY___ ╔════════════════════════════════════════════════════════════╗

2025-06-09 13:36:27,313 INFO     ___FILE_ONLY___ ╠═ Installing: Cloud Storage Command Line Tool (Platform... ═╣

2025-06-09 13:36:27,313 INFO     ___FILE_ONLY___ ╚
2025-06-09 13:36:27,314 INFO     ___FILE_ONLY___ ════════════════════════════════════════════════════════════
2025-06-09 13:36:27,314 INFO     ___FILE_ONLY___ ╝

2025-06-09 13:36:27,318 INFO     ___FILE_ONLY___ ╔════════════════════════════════════════════════════════════╗

2025-06-09 13:36:27,319 INFO     ___FILE_ONLY___ ╠═ Installing: Default set of gcloud commands               ═╣

2025-06-09 13:36:27,319 INFO     ___FILE_ONLY___ ╚
2025-06-09 13:36:27,321 INFO     ___FILE_ONLY___ ════════════════════════════════════════════════════════════
2025-06-09 13:36:27,321 INFO     ___FILE_ONLY___ ╝

2025-06-09 13:36:27,323 INFO     ___FILE_ONLY___ ╔════════════════════════════════════════════════════════════╗

2025-06-09 13:36:27,323 INFO     ___FILE_ONLY___ ╠═ Installing: Google Cloud CLI Core Libraries (Platform... ═╣

2025-06-09 13:36:27,323 INFO     ___FILE_ONLY___ ╚
2025-06-09 13:36:27,324 INFO     ___FILE_ONLY___ ══════════════════════════════
2025-06-09 13:36:27,324 INFO     ___FILE_ONLY___ ══════════════════════════════
2025-06-09 13:36:27,324 INFO     ___FILE_ONLY___ ╝

2025-06-09 13:36:27,329 INFO     ___FILE_ONLY___ ╔════════════════════════════════════════════════════════════╗

2025-06-09 13:36:27,329 INFO     ___FILE_ONLY___ ╠═ Installing: Google Cloud CRC32C Hash Tool                ═╣

2025-06-09 13:36:27,329 INFO     ___FILE_ONLY___ ╚
2025-06-09 13:36:27,332 INFO     ___FILE_ONLY___ ════════════════════════════════════════════════════════════
2025-06-09 13:36:27,332 INFO     ___FILE_ONLY___ ╝

2025-06-09 13:36:27,334 INFO     ___FILE_ONLY___ ╔════════════════════════════════════════════════════════════╗

2025-06-09 13:36:27,334 INFO     ___FILE_ONLY___ ╠═ Installing: Google Cloud CRC32C Hash Tool (Platform S... ═╣

2025-06-09 13:36:27,334 INFO     ___FILE_ONLY___ ╚
2025-06-09 13:36:27,372 INFO     ___FILE_ONLY___ ══════════════════════════════
2025-06-09 13:36:27,373 INFO     ___FILE_ONLY___ ══════════════════════════════
2025-06-09 13:36:27,373 INFO     ___FILE_ONLY___ ╝

2025-06-09 13:36:27,378 INFO     ___FILE_ONLY___ ╔════════════════════════════════════════════════════════════╗

2025-06-09 13:36:27,378 INFO     ___FILE_ONLY___ ╠═ Installing: gcloud cli dependencies (Platform Specific)  ═╣

2025-06-09 13:36:27,378 INFO     ___FILE_ONLY___ ╚
2025-06-09 13:36:27,378 INFO     ___FILE_ONLY___ ════════════════════════════════════════════════════════════
2025-06-09 13:36:27,379 INFO     ___FILE_ONLY___ ╝

2025-06-09 13:36:27,384 DEBUG    root            Updating notification cache...
2025-06-09 13:36:27,384 INFO     ___FILE_ONLY___ 

2025-06-09 13:36:27,386 INFO     ___FILE_ONLY___ Performing post processing steps...
2025-06-09 13:36:27,387 DEBUG    root            Executing command: ['/tools/google-cloud-sdk/bin/gcloud', 'components', 'post-process']
2025-06-09 13:36:36,190 DEBUG    ___FILE_ONLY___ 
2025-06-09 13:36:36,190 DEBUG    ___FILE_ONLY___ 
2025-06-09 13:36:36,417 INFO     root            descriptor_list: [{'universeDomain': 'googleapis.com', 'universeShortName': '', 'authenticationDomain': 'auth.cloud.google.com', 'projectPrefix': '', 'cloudWebDomain': 'cloud.google.com', 'documentationDomain': 'cloud.google.com', 'version': '1.0.0', 'state': 'primary', 'artifactRegistryDomain': 'pkg.dev'}]
2025-06-09 13:36:36,417 INFO     ___FILE_ONLY___ 
Update done!


2025-06-09 13:36:36,420 DEBUG    root            Chosen display Format:none
2025-06-09 13:36:36,421 INFO     root            Display format: "none"
