2025-06-09 13:36:37,105 DEBUG    root            Loaded Command Group: ['gcloud', 'components']
2025-06-09 13:36:37,106 DEBUG    root            Loaded Command Group: ['gcloud', 'components', 'update']
2025-06-09 13:36:37,108 DEBUG    root            Running [gcloud.components.update] with arguments: [--quiet: "True", COMPONENT-IDS:8: "['gcloud', 'core', 'bq', 'gsutil', 'compute', 'preview', 'alpha', 'beta']"]
2025-06-09 13:36:37,110 INFO     ___FILE_ONLY___ Beginning update. This process may take several minutes.

2025-06-09 13:36:37,118 DEBUG    urllib3.connectionpool Starting new HTTPS connection (1): dl.google.com:443
2025-06-09 13:36:37,168 DEBUG    urllib3.connectionpool https://dl.google.com:443 "GET /dl/cloudsdk/channels/rapid/components-2.json HTTP/11" 200 233994
2025-06-09 13:36:37,182 WARNING  root            Component [compute] no longer exists.
2025-06-09 13:36:37,183 INFO     ___FILE_ONLY___ 

2025-06-09 13:36:37,183 INFO     ___FILE_ONLY___ 
Your current Google Cloud CLI version is: 525.0.0

2025-06-09 13:36:37,183 INFO     ___FILE_ONLY___ Installing components from version: 525.0.0

2025-06-09 13:36:37,183 INFO     ___FILE_ONLY___ 

2025-06-09 13:36:37,183 DEBUG    root            Chosen display Format:table[box,title="These components will be removed."](details.display_name:label=Name:align=left,version.version_string:label=Version:align=right,data.size.size(zero="",min=1048576):label=Size:align=right)
2025-06-09 13:36:37,184 DEBUG    root            Chosen display Format:table[box,title="These components will be updated."](details.display_name:label=Name:align=left,version.version_string:label=Version:align=right,data.size.size(zero="",min=1048576):label=Size:align=right)
2025-06-09 13:36:37,184 DEBUG    root            Chosen display Format:table[box,title="These components will be installed."](details.display_name:label=Name:align=left,version.version_string:label=Version:align=right,data.size.size(zero="",min=1048576):label=Size:align=right)
2025-06-09 13:36:37,199 INFO     ___FILE_ONLY___ ┌────────────────────────────────────────────────┐
2025-06-09 13:36:37,199 INFO     ___FILE_ONLY___ 

2025-06-09 13:36:37,199 INFO     ___FILE_ONLY___ │      These components will be installed.       │
2025-06-09 13:36:37,199 INFO     ___FILE_ONLY___ 

2025-06-09 13:36:37,199 INFO     ___FILE_ONLY___ ├─────────────────────────┬────────────┬─────────┤
2025-06-09 13:36:37,199 INFO     ___FILE_ONLY___ 

2025-06-09 13:36:37,199 INFO     ___FILE_ONLY___ │           Name          │  Version   │   Size  │
2025-06-09 13:36:37,199 INFO     ___FILE_ONLY___ 

2025-06-09 13:36:37,199 INFO     ___FILE_ONLY___ ├─────────────────────────┼────────────┼─────────┤
2025-06-09 13:36:37,199 INFO     ___FILE_ONLY___ 

2025-06-09 13:36:37,199 INFO     ___FILE_ONLY___ │ 
2025-06-09 13:36:37,199 INFO     ___FILE_ONLY___ gcloud Alpha Commands  
2025-06-09 13:36:37,200 INFO     ___FILE_ONLY___  
2025-06-09 13:36:37,200 INFO     ___FILE_ONLY___ │ 
2025-06-09 13:36:37,200 INFO     ___FILE_ONLY___ 2025.05.30
2025-06-09 13:36:37,200 INFO     ___FILE_ONLY___  
2025-06-09 13:36:37,200 INFO     ___FILE_ONLY___ │ 
2025-06-09 13:36:37,200 INFO     ___FILE_ONLY___ < 1 MiB
2025-06-09 13:36:37,200 INFO     ___FILE_ONLY___  
2025-06-09 13:36:37,200 INFO     ___FILE_ONLY___ │
2025-06-09 13:36:37,200 INFO     ___FILE_ONLY___ 

2025-06-09 13:36:37,200 INFO     ___FILE_ONLY___ │ 
2025-06-09 13:36:37,200 INFO     ___FILE_ONLY___ gcloud Beta Commands   
2025-06-09 13:36:37,200 INFO     ___FILE_ONLY___  
2025-06-09 13:36:37,200 INFO     ___FILE_ONLY___ │ 
2025-06-09 13:36:37,200 INFO     ___FILE_ONLY___ 2025.05.30
2025-06-09 13:36:37,200 INFO     ___FILE_ONLY___  
2025-06-09 13:36:37,200 INFO     ___FILE_ONLY___ │ 
2025-06-09 13:36:37,200 INFO     ___FILE_ONLY___ < 1 MiB
2025-06-09 13:36:37,200 INFO     ___FILE_ONLY___  
2025-06-09 13:36:37,200 INFO     ___FILE_ONLY___ │
2025-06-09 13:36:37,200 INFO     ___FILE_ONLY___ 

2025-06-09 13:36:37,201 INFO     ___FILE_ONLY___ │ 
2025-06-09 13:36:37,201 INFO     ___FILE_ONLY___ gcloud Preview Commands
2025-06-09 13:36:37,201 INFO     ___FILE_ONLY___  
2025-06-09 13:36:37,201 INFO     ___FILE_ONLY___ │ 
2025-06-09 13:36:37,201 INFO     ___FILE_ONLY___           
2025-06-09 13:36:37,201 INFO     ___FILE_ONLY___  
2025-06-09 13:36:37,201 INFO     ___FILE_ONLY___ │ 
2025-06-09 13:36:37,201 INFO     ___FILE_ONLY___ < 1 MiB
2025-06-09 13:36:37,201 INFO     ___FILE_ONLY___  
2025-06-09 13:36:37,201 INFO     ___FILE_ONLY___ │
2025-06-09 13:36:37,201 INFO     ___FILE_ONLY___ 

2025-06-09 13:36:37,201 INFO     ___FILE_ONLY___ └─────────────────────────┴────────────┴─────────┘
2025-06-09 13:36:37,201 INFO     ___FILE_ONLY___ 

2025-06-09 13:36:37,201 INFO     ___FILE_ONLY___ 

2025-06-09 13:36:37,204 DEBUG    urllib3.connectionpool Starting new HTTPS connection (1): dl.google.com:443
2025-06-09 13:36:37,426 DEBUG    urllib3.connectionpool https://dl.google.com:443 "GET /dl/cloudsdk/channels/rapid/RELEASE_NOTES HTTP/11" 200 1428195
2025-06-09 13:36:37,886 INFO     ___FILE_ONLY___ For the latest full release notes, please visit:
  https://cloud.google.com/sdk/release_notes


2025-06-09 13:36:37,886 INFO     ___FILE_ONLY___ Performing in place update...


2025-06-09 13:36:37,888 INFO     ___FILE_ONLY___ ╔════════════════════════════════════════════════════════════╗

2025-06-09 13:36:37,888 INFO     ___FILE_ONLY___ ╠═ Downloading: gcloud Alpha Commands                       ═╣

2025-06-09 13:36:37,888 INFO     ___FILE_ONLY___ ╚
2025-06-09 13:36:37,892 DEBUG    urllib3.connectionpool Starting new HTTPS connection (1): dl.google.com:443
2025-06-09 13:36:38,121 DEBUG    urllib3.connectionpool https://dl.google.com:443 "GET /dl/cloudsdk/channels/rapid/components/google-cloud-sdk-alpha-20250530172306.tar.gz HTTP/11" 200 800
2025-06-09 13:36:38,122 INFO     ___FILE_ONLY___ ════════════════════════════════════════════════════════════
2025-06-09 13:36:38,122 INFO     ___FILE_ONLY___ ╝

2025-06-09 13:36:38,124 INFO     ___FILE_ONLY___ ╔════════════════════════════════════════════════════════════╗

2025-06-09 13:36:38,124 INFO     ___FILE_ONLY___ ╠═ Downloading: gcloud Beta Commands                        ═╣

2025-06-09 13:36:38,124 INFO     ___FILE_ONLY___ ╚
2025-06-09 13:36:38,128 DEBUG    urllib3.connectionpool Starting new HTTPS connection (1): dl.google.com:443
2025-06-09 13:36:38,335 DEBUG    urllib3.connectionpool https://dl.google.com:443 "GET /dl/cloudsdk/channels/rapid/components/google-cloud-sdk-beta-20250530172306.tar.gz HTTP/11" 200 797
2025-06-09 13:36:38,335 INFO     ___FILE_ONLY___ ════════════════════════════════════════════════════════════
2025-06-09 13:36:38,336 INFO     ___FILE_ONLY___ ╝

2025-06-09 13:36:38,338 INFO     ___FILE_ONLY___ ╔════════════════════════════════════════════════════════════╗

2025-06-09 13:36:38,338 INFO     ___FILE_ONLY___ ╠═ Downloading: gcloud Preview Commands                     ═╣

2025-06-09 13:36:38,338 INFO     ___FILE_ONLY___ ╚
2025-06-09 13:36:38,341 DEBUG    urllib3.connectionpool Starting new HTTPS connection (1): dl.google.com:443
2025-06-09 13:36:38,598 DEBUG    urllib3.connectionpool https://dl.google.com:443 "GET /dl/cloudsdk/channels/rapid/components/google-cloud-sdk-preview-20241115154308.tar.gz HTTP/11" 200 823
2025-06-09 13:36:38,599 INFO     ___FILE_ONLY___ ════════════════════════════════════════════════════════════
2025-06-09 13:36:38,599 INFO     ___FILE_ONLY___ ╝

2025-06-09 13:36:38,601 INFO     ___FILE_ONLY___ ╔════════════════════════════════════════════════════════════╗

2025-06-09 13:36:38,601 INFO     ___FILE_ONLY___ ╠═ Installing: gcloud Alpha Commands                        ═╣

2025-06-09 13:36:38,601 INFO     ___FILE_ONLY___ ╚
2025-06-09 13:36:38,602 INFO     ___FILE_ONLY___ ════════════════════════════════════════════════════════════
2025-06-09 13:36:38,602 INFO     ___FILE_ONLY___ ╝

2025-06-09 13:36:38,608 INFO     ___FILE_ONLY___ ╔════════════════════════════════════════════════════════════╗

2025-06-09 13:36:38,608 INFO     ___FILE_ONLY___ ╠═ Installing: gcloud Beta Commands                         ═╣

2025-06-09 13:36:38,608 INFO     ___FILE_ONLY___ ╚
2025-06-09 13:36:38,609 INFO     ___FILE_ONLY___ ════════════════════════════════════════════════════════════
2025-06-09 13:36:38,609 INFO     ___FILE_ONLY___ ╝

2025-06-09 13:36:38,615 INFO     ___FILE_ONLY___ ╔════════════════════════════════════════════════════════════╗

2025-06-09 13:36:38,615 INFO     ___FILE_ONLY___ ╠═ Installing: gcloud Preview Commands                      ═╣

2025-06-09 13:36:38,615 INFO     ___FILE_ONLY___ ╚
2025-06-09 13:36:38,616 INFO     ___FILE_ONLY___ ════════════════════════════════════════════════════════════
2025-06-09 13:36:38,616 INFO     ___FILE_ONLY___ ╝

2025-06-09 13:36:38,621 DEBUG    root            Updating notification cache...
2025-06-09 13:36:38,621 INFO     ___FILE_ONLY___ 

2025-06-09 13:36:38,623 INFO     ___FILE_ONLY___ Performing post processing steps...
2025-06-09 13:36:38,624 DEBUG    root            Executing command: ['/tools/google-cloud-sdk/bin/gcloud', 'components', 'post-process']
2025-06-09 13:36:47,394 DEBUG    ___FILE_ONLY___ 
2025-06-09 13:36:47,394 DEBUG    ___FILE_ONLY___ 
2025-06-09 13:36:47,639 INFO     root            descriptor_list: [{'universeDomain': 'googleapis.com', 'universeShortName': '', 'authenticationDomain': 'auth.cloud.google.com', 'projectPrefix': '', 'cloudWebDomain': 'cloud.google.com', 'documentationDomain': 'cloud.google.com', 'version': '1.0.0', 'state': 'primary', 'artifactRegistryDomain': 'pkg.dev'}]
2025-06-09 13:36:47,640 INFO     ___FILE_ONLY___ 
Update done!


2025-06-09 13:36:47,643 DEBUG    root            Chosen display Format:none
2025-06-09 13:36:47,643 INFO     root            Display format: "none"
